850, 1, 1, 4096, 0
899, 1, 1, 4096, 0
922, 1, 1, 4096, 0
953, 1, 1, 4096, 0
1010, 1, 1, 4096, 0
1022, 1, 1, 4096, 0
1034, 1, 1, 4096, 0
1054, 1, 1, 4096, 0
1073, 1, 1, 4096, 0
1086, 1, 1, 4096, 0
1094, 1, 1, 4096, 0
1113, 1, 1, 4096, 0
1132, 1, 1, 4096, 0
1142, 1, 1, 4096, 0
1157, 1, 1, 4096, 0
1170, 1, 1, 4096, 0
1183, 1, 1, 4096, 0
1201, 1, 1, 4096, 0
1213, 1, 1, 4096, 0
1230, 1, 1, 4096, 0
1245, 1, 1, 4096, 0
1269, 1, 1, 4096, 0
1286, 1, 1, 4096, 0
1304, 1, 1, 4096, 0
1318, 1, 1, 4096, 0
1334, 1, 1, 4096, 0
1353, 1, 1, 4096, 0
1373, 1, 1, 4096, 0
1381, 1, 1, 4096, 0
1393, 1, 1, 4096, 0
1413, 1, 1, 4096, 0
1425, 1, 1, 4096, 0
1437, 1, 1, 4096, 0
1449, 1, 1, 4096, 0
1468, 1, 1, 4096, 0
1488, 1, 1, 4096, 0
1497, 1, 1, 4096, 0
1509, 1, 1, 4096, 0
1529, 1, 1, 4096, 0
1550, 1, 1, 4096, 0
1573, 1, 1, 4096, 0
1593, 1, 1, 4096, 0
1605, 1, 1, 4096, 0
1624, 1, 1, 4096, 0
1644, 1, 1, 4096, 0
1653, 1, 1, 4096, 0
1665, 1, 1, 4096, 0
1678, 1, 1, 4096, 0
1694, 1, 1, 4096, 0
1720, 1, 1, 4096, 0
1728, 1, 1, 4096, 0
1741, 1, 1, 4096, 0
1753, 1, 1, 4096, 0
1773, 1, 1, 4096, 0
1793, 1, 1, 4096, 0
1805, 1, 1, 4096, 0
1832, 1, 1, 4096, 0
1852, 1, 1, 4096, 0
1866, 1, 1, 4096, 0
1882, 1, 1, 4096, 0
1901, 1, 1, 4096, 0
1912, 1, 1, 4096, 0
1925, 1, 1, 4096, 0
1944, 1, 1, 4096, 0
1957, 1, 1, 4096, 0
1965, 1, 1, 4096, 0
1988, 1, 1, 4096, 0
1997, 1, 1, 4096, 0
2029, 1, 1, 4096, 0
2040, 1, 1, 4096, 0
2048, 1, 1, 4096, 0
2061, 1, 1, 4096, 0
2081, 1, 1, 4096, 0
2100, 1, 1, 4096, 0
2109, 1, 1, 4096, 0
2145, 1, 1, 4096, 0
2156, 1, 1, 4096, 0
2169, 1, 1, 4096, 0
2188, 1, 1, 4096, 0
2201, 1, 1, 4096, 0
2217, 1, 1, 4096, 0
2232, 1, 1, 4096, 0
2244, 1, 1, 4096, 0
2260, 1, 1, 4096, 0
2280, 1, 1, 4096, 0
2288, 1, 1, 4096, 0
2301, 1, 1, 4096, 0
2317, 1, 1, 4096, 0
2336, 1, 1, 4096, 0
2345, 1, 1, 4096, 0
2360, 1, 1, 4096, 0
2372, 1, 1, 4096, 0
2384, 1, 1, 4096, 0
2404, 1, 1, 4096, 0
2424, 1, 1, 4096, 0
2444, 1, 1, 4096, 0
2463, 1, 1, 4096, 0
2476, 1, 1, 4096, 0
2488, 1, 1, 4096, 0
2503, 1, 1, 4096, 0
2517, 1, 1, 4096, 0
2533, 1, 1, 4096, 0
2552, 1, 1, 4096, 0
2560, 1, 1, 4096, 0
2580, 1, 1, 4096, 0
2592, 1, 1, 4096, 0
2611, 1, 1, 4096, 0
2620, 1, 1, 4096, 0
2636, 1, 1, 4096, 0
2655, 1, 1, 4096, 0
2673, 1, 1, 4096, 0
2704, 1, 1, 4096, 0
2724, 1, 1, 4096, 0
2740, 1, 1, 4096, 0
2759, 1, 1, 4096, 0
2771, 1, 1, 4096, 0
2781, 1, 1, 4096, 0
2800, 1, 1, 4096, 0
2813, 1, 1, 4096, 0
2827, 1, 1, 4096, 0
2840, 1, 1, 4096, 0
2859, 1, 1, 4096, 0
2872, 1, 1, 4096, 0
2891, 1, 1, 4096, 0
2899, 1, 1, 4096, 0
2919, 1, 1, 4096, 0
2932, 1, 1, 4096, 0
2951, 1, 1, 4096, 0
2979, 1, 1, 4096, 0
2993, 1, 1, 4096, 0
3019, 1, 1, 4096, 0
3027, 1, 1, 4096, 0
3040, 1, 1, 4096, 0
3059, 1, 1, 4096, 0
3075, 1, 1, 4096, 0
3083, 1, 1, 4096, 0
3096, 1, 1, 4096, 0
3112, 1, 1, 4096, 0
3128, 1, 1, 4096, 0
3142, 1, 1, 4096, 0
3156, 1, 1, 4096, 0
3172, 1, 1, 4096, 0
3188, 1, 1, 4096, 0
3203, 1, 1, 4096, 0
3215, 1, 1, 4096, 0
3234, 1, 1, 4096, 0
3255, 1, 1, 4096, 0
3283, 1, 1, 4096, 0
3302, 1, 1, 4096, 0
3322, 1, 1, 4096, 0
3331, 1, 1, 4096, 0
3351, 1, 1, 4096, 0
3367, 1, 1, 4096, 0
3383, 1, 1, 4096, 0
3395, 1, 1, 4096, 0
3415, 1, 1, 4096, 0
3434, 1, 1, 4096, 0
3443, 1, 1, 4096, 0
3455, 1, 1, 4096, 0
3468, 1, 1, 4096, 0
3498, 1, 1, 4096, 0
3515, 1, 1, 4096, 0
3547, 1, 1, 4096, 0
3606, 1, 1, 4096, 0
3634, 1, 1, 4096, 0
3658, 1, 1, 4096, 0
3671, 1, 1, 4096, 0
3682, 1, 1, 4096, 0
3692, 1, 1, 4096, 0
3726, 1, 1, 4096, 0
3739, 1, 1, 4096, 0
3759, 1, 1, 4096, 0
3778, 1, 1, 4096, 0
3800, 1, 1, 4096, 0
3827, 1, 1, 4096, 0
3847, 1, 1, 4096, 0
3871, 1, 1, 4096, 0
3886, 1, 1, 4096, 0
3906, 1, 1, 4096, 0
3922, 1, 1, 4096, 0
3934, 1, 1, 4096, 0
3946, 1, 1, 4096, 0
3974, 1, 1, 4096, 0
3983, 1, 1, 4096, 0
4010, 1, 1, 4096, 0
4022, 1, 1, 4096, 0
4031, 1, 1, 4096, 0
4047, 1, 1, 4096, 0
4062, 1, 1, 4096, 0
4075, 1, 1, 4096, 0
4094, 1, 1, 4096, 0
4111, 1, 1, 4096, 0
4145, 1, 1, 4096, 0
4158, 1, 1, 4096, 0
4174, 1, 1, 4096, 0
4202, 1, 1, 4096, 0
4211, 1, 1, 4096, 0
4223, 1, 1, 4096, 0
4250, 1, 1, 4096, 0
4259, 1, 1, 4096, 0
4286, 1, 1, 4096, 0
4294, 1, 1, 4096, 0
4314, 1, 1, 4096, 0
4326, 1, 1, 4096, 0
4345, 1, 1, 4096, 0
4353, 1, 1, 4096, 0
4373, 1, 1, 4096, 0
4391, 1, 1, 4096, 0
4425, 1, 1, 4096, 0
4438, 1, 1, 4096, 0
4457, 1, 1, 4096, 0
4471, 1, 1, 4096, 0
4487, 1, 1, 4096, 0
4506, 1, 1, 4096, 0
4525, 1, 1, 4096, 0
4545, 1, 1, 4096, 0
4553, 1, 1, 4096, 0
4566, 1, 1, 4096, 0
4582, 1, 1, 4096, 0
4601, 1, 1, 4096, 0
4627, 1, 1, 4096, 0
4645, 1, 1, 4096, 0
4658, 1, 1, 4096, 0
4670, 1, 1, 4096, 0
4702, 1, 1, 4096, 0
4726, 1, 1, 4096, 0
4742, 1, 1, 4096, 0
4758, 1, 1, 4096, 0
4778, 1, 1, 4096, 0
4794, 1, 1, 4096, 0
4813, 1, 1, 4096, 0
4825, 1, 1, 4096, 0
4838, 1, 1, 4096, 0
4865, 1, 1, 4096, 0
4878, 1, 1, 4096, 0
4889, 1, 1, 4096, 0
4901, 1, 1, 4096, 0
4914, 1, 1, 4096, 0
4931, 1, 1, 4096, 0
5010, 1, 1, 4096, 0
5018, 1, 1, 4096, 0
5026, 1, 1, 4096, 0
5029, 1, 1, 4096, 0
5037, 1, 1, 4096, 0
5045, 1, 1, 4096, 0
5048, 1, 1, 4096, 0
5058, 1, 1, 4096, 0
5064, 1, 1, 4096, 0
5077, 1, 1, 4096, 0
5090, 1, 1, 4096, 0
5112, 1, 1, 4096, 0
5121, 1, 1, 4096, 0
5134, 1, 1, 4096, 0
5156, 1, 1, 4096, 0
5169, 1, 1, 4096, 0
5181, 1, 1, 4096, 0
5200, 1, 1, 4096, 0
5213, 1, 1, 4096, 0
5232, 1, 1, 4096, 0
5245, 1, 1, 4096, 0
5262, 1, 1, 4096, 0
5297, 1, 1, 4096, 0
5310, 1, 1, 4096, 0
5332, 1, 1, 4096, 0
5345, 1, 1, 4096, 0
5364, 1, 1, 4096, 0
5374, 1, 1, 4096, 0
5393, 1, 1, 4096, 0
5405, 1, 1, 4096, 0
5417, 1, 1, 4096, 0
5436, 1, 1, 4096, 0
5456, 1, 1, 4096, 0
5464, 1, 1, 4096, 0
5486, 1, 1, 4096, 0
5505, 1, 1, 4096, 0
5517, 1, 1, 4096, 0
5532, 1, 1, 4096, 0
5550, 1, 1, 4096, 0
5580, 1, 1, 4096, 0
5597, 1, 1, 4096, 0
5608, 1, 1, 4096, 0
5624, 1, 1, 4096, 0
5645, 1, 1, 4096, 0
5669, 1, 1, 4096, 0
5701, 1, 1, 4096, 0
5729, 1, 1, 4096, 0
5746, 1, 1, 4096, 0
5773, 1, 1, 4096, 0
5789, 1, 1, 4096, 0
5800, 1, 1, 4096, 0
5820, 1, 1, 4096, 0
5840, 1, 1, 4096, 0
5884, 1, 1, 4096, 0
5897, 1, 1, 4096, 0
5916, 1, 1, 4096, 0
5932, 1, 1, 4096, 0
5957, 1, 1, 4096, 0
5992, 1, 1, 4096, 0
6012, 1, 1, 4096, 0
6036, 1, 1, 4096, 0
6052, 1, 1, 4096, 0
6068, 1, 1, 4096, 0
6088, 1, 1, 4096, 0
6108, 1, 1, 4096, 0
6116, 1, 1, 4096, 0
6136, 1, 1, 4096, 0
6164, 1, 1, 4096, 0
6199, 1, 1, 4096, 0
6228, 1, 1, 4096, 0
6237, 1, 1, 4096, 0
6276, 1, 1, 4096, 0
6284, 1, 1, 4096, 0
6312, 1, 1, 4096, 0
6328, 1, 1, 4096, 0
6359, 1, 1, 4096, 0
6373, 1, 1, 4096, 0
6392, 1, 1, 4096, 0
6408, 1, 1, 4096, 0
6437, 1, 1, 4096, 0
6471, 1, 1, 4096, 0
6492, 1, 1, 4096, 0
6512, 1, 1, 4096, 0
6527, 1, 1, 4096, 0
6547, 1, 1, 4096, 0
6563, 1, 1, 4096, 0
6576, 1, 1, 4096, 0
6595, 1, 1, 4096, 0
6604, 1, 1, 4096, 0
6623, 1, 1, 4096, 0
6635, 1, 1, 4096, 0
6655, 1, 1, 4096, 0
6664, 1, 1, 4096, 0
6683, 1, 1, 4096, 0
6695, 1, 1, 4096, 0
6715, 1, 1, 4096, 0
6743, 1, 1, 4096, 0
6768, 1, 1, 4096, 0
6788, 1, 1, 4096, 0
6807, 1, 1, 4096, 0
6820, 1, 1, 4096, 0
6831, 1, 1, 4096, 0
6851, 1, 1, 4096, 0
6867, 1, 1, 4096, 0
6883, 1, 1, 4096, 0
6895, 1, 1, 4096, 0
6914, 1, 1, 4096, 0
6928, 1, 1, 4096, 0
6948, 1, 1, 4096, 0
6971, 1, 1, 4096, 0
6991, 1, 1, 4096, 0
7006, 1, 1, 4096, 0
7031, 1, 1, 4096, 0
7058, 1, 1, 4096, 0
7071, 1, 1, 4096, 0
7103, 1, 1, 4096, 0
7123, 1, 1, 4096, 0
7139, 1, 1, 4096, 0
7159, 1, 1, 4096, 0
7195, 1, 1, 4096, 0
7219, 1, 1, 4096, 0
7239, 1, 1, 4096, 0
7252, 1, 1, 4096, 0
7302, 1, 1, 4096, 0
7339, 1, 1, 4096, 0
7358, 1, 1, 4096, 0
7370, 1, 1, 4096, 0
7391, 1, 1, 4096, 0
7407, 1, 1, 4096, 0
7422, 1, 1, 4096, 0
7439, 1, 1, 4096, 0
7451, 1, 1, 4096, 0
7464, 1, 1, 4096, 0
7486, 1, 1, 4096, 0
7503, 1, 1, 4096, 0
7523, 1, 1, 4096, 0
7539, 1, 1, 4096, 0
7562, 1, 1, 4096, 0
7575, 1, 1, 4096, 0
7587, 1, 1, 4096, 0
7611, 1, 1, 4096, 0
7639, 1, 1, 4096, 0
7658, 1, 1, 4096, 0
7682, 1, 1, 4096, 0
7698, 1, 1, 4096, 0
7718, 1, 1, 4096, 0
7730, 1, 1, 4096, 0
7743, 1, 1, 4096, 0
7766, 1, 1, 4096, 0
7786, 1, 1, 4096, 0
7794, 1, 1, 4096, 0
7814, 1, 1, 4096, 0
7833, 1, 1, 4096, 0
7842, 1, 1, 4096, 0
7862, 1, 1, 4096, 0
7878, 1, 1, 4096, 0
7898, 1, 1, 4096, 0
7919, 1, 1, 4096, 0
7941, 1, 1, 4096, 0
7958, 1, 1, 4096, 0
7986, 1, 1, 4096, 0
7998, 1, 1, 4096, 0
8010, 1, 1, 4096, 0
8026, 1, 1, 4096, 0
8046, 1, 1, 4096, 0
8070, 1, 1, 4096, 0
8089, 1, 1, 4096, 0
8111, 1, 1, 4096, 0
8134, 1, 1, 4096, 0
8170, 1, 1, 4096, 0
8190, 1, 1, 4096, 0
8218, 1, 1, 4096, 0
8237, 1, 1, 4096, 0
8253, 1, 1, 4096, 0
8265, 1, 1, 4096, 0
8278, 1, 1, 4096, 0
8297, 1, 1, 4096, 0
8313, 1, 1, 4096, 0
8325, 1, 1, 4096, 0
8338, 1, 1, 4096, 0
8351, 1, 1, 4096, 0
8370, 1, 1, 4096, 0
8393, 1, 1, 4096, 0
8406, 1, 1, 4096, 0
8417, 1, 1, 4096, 0
8429, 1, 1, 4096, 0
8442, 1, 1, 4096, 0
8478, 1, 1, 4096, 0
8505, 1, 1, 4096, 0
8525, 1, 1, 4096, 0
8534, 1, 1, 4096, 0
8549, 1, 1, 4096, 0
8569, 1, 1, 4096, 0
8581, 1, 1, 4096, 0
8593, 1, 1, 4096, 0
8606, 1, 1, 4096, 0
8622, 1, 1, 4096, 0
8641, 1, 1, 4096, 0
8653, 1, 1, 4096, 0
8669, 1, 1, 4096, 0
8681, 1, 1, 4096, 0
8694, 1, 1, 4096, 0
8713, 1, 1, 4096, 0
8730, 1, 1, 4096, 0
8770, 1, 1, 4096, 0
8786, 1, 1, 4096, 0
8804, 1, 1, 4096, 0
8821, 1, 1, 4096, 0
8834, 1, 1, 4096, 0
8858, 1, 1, 4096, 0
8874, 1, 1, 4096, 0
8888, 1, 1, 4096, 0
8902, 1, 1, 4096, 0
8921, 1, 1, 4096, 0
8940, 1, 1, 4096, 0
8953, 1, 1, 4096, 0
8980, 1, 1, 4096, 0
8989, 1, 1, 4096, 0
9001, 1, 1, 4096, 0
9021, 1, 1, 4096, 0
9060, 1, 1, 4096, 0
9073, 1, 1, 4096, 0
9097, 1, 1, 4096, 0
9113, 1, 1, 4096, 0
9132, 1, 1, 4096, 0
9140, 1, 1, 4096, 0
9154, 1, 1, 4096, 0
9173, 1, 1, 4096, 0
9185, 1, 1, 4096, 0
9201, 1, 1, 4096, 0
9220, 1, 1, 4096, 0
9233, 1, 1, 4096, 0
9244, 1, 1, 4096, 0
9257, 1, 1, 4096, 0
9276, 1, 1, 4096, 0
9289, 1, 1, 4096, 0
9313, 1, 1, 4096, 0
9349, 1, 1, 4096, 0
9368, 1, 1, 4096, 0
9380, 1, 1, 4096, 0
9392, 1, 1, 4096, 0
9412, 1, 1, 4096, 0
9425, 1, 1, 4096, 0
9444, 1, 1, 4096, 0
9457, 1, 1, 4096, 0
9472, 1, 1, 4096, 0
9492, 1, 1, 4096, 0
9505, 1, 1, 4096, 0
9521, 1, 1, 4096, 0
9540, 1, 1, 4096, 0
9553, 1, 1, 4096, 0
9572, 1, 1, 4096, 0
9589, 1, 1, 4096, 0
9616, 1, 1, 4096, 0
9644, 1, 1, 4096, 0
9652, 1, 1, 4096, 0
9672, 1, 1, 4096, 0
9688, 1, 1, 4096, 0
9700, 1, 1, 4096, 0
9712, 1, 1, 4096, 0
9724, 1, 1, 4096, 0
9743, 1, 1, 4096, 0
9759, 1, 1, 4096, 0
9800, 1, 1, 4096, 0
9828, 1, 1, 4096, 0
9883, 1, 1, 4096, 0
9968, 1, 1, 4096, 0
10055, 1, 1, 4096, 0
10103, 1, 1, 4096, 0
10103, 1, 1, 4096, 0
10103, 1, 1, 4096, 0
10104, 1, 1, 4096, 0
10104, 1, 1, 4096, 0
10104, 1, 1, 4096, 0
10104, 1, 1, 4096, 0
10131, 1, 1, 4096, 0
10132, 1, 1, 4096, 0
10132, 1, 1, 4096, 0
10132, 1, 1, 4096, 0
10133, 1, 1, 4096, 0
10163, 1, 1, 4096, 0
10163, 1, 1, 4096, 0
10163, 1, 1, 4096, 0
10164, 1, 1, 4096, 0
10164, 1, 1, 4096, 0
10164, 1, 1, 4096, 0
10202, 1, 1, 4096, 0
10203, 1, 1, 4096, 0
10203, 1, 1, 4096, 0
10203, 1, 1, 4096, 0
10204, 1, 1, 4096, 0
10204, 1, 1, 4096, 0
10204, 1, 1, 4096, 0
10205, 1, 1, 4096, 0
10235, 1, 1, 4096, 0
10235, 1, 1, 4096, 0
10235, 1, 1, 4096, 0
10236, 1, 1, 4096, 0
10236, 1, 1, 4096, 0
